[2024-01-31T14:35:24.822955+01:00] app.INFO: Usuário acessou a página {"usuario":"victorrezende","página":"/estoque/view/index_admin.php"} []
[2024-01-31T14:35:24.825274+01:00] app.INFO: Usuário realizou alguma ação {"usuario":"victorrezende","ação":"Ação específica"} []
[2024-01-31T14:35:26.598461+01:00] app.INFO: Usuário acessou a página {"usuario":"victorrezende","página":"/estoque/view/index_admin.php?pagina=cadastrar"} []
[2024-01-31T14:35:26.600602+01:00] app.INFO: Usuário realizou alguma ação {"usuario":"victorrezende","ação":"Ação específica"} []
[2024-01-31T14:35:26.990712+01:00] app.INFO: Usuário acessou a página {"usuario":"victorrezende","página":"/estoque/view/index_admin.php?pagina=entrada"} []
[2024-01-31T14:35:26.992522+01:00] app.INFO: Usuário realizou alguma ação {"usuario":"victorrezende","ação":"Ação específica"} []
[2024-01-31T14:35:27.358342+01:00] app.INFO: Usuário acessou a página {"usuario":"victorrezende","página":"/estoque/view/index_admin.php?pagina=saida"} []
[2024-01-31T14:35:27.359931+01:00] app.INFO: Usuário realizou alguma ação {"usuario":"victorrezende","ação":"Ação específica"} []
[2024-01-31T14:35:27.765471+01:00] app.INFO: Usuário acessou a página {"usuario":"victorrezende","página":"/estoque/view/index_admin.php?pagina=listar_entrada"} []
[2024-01-31T14:35:27.767128+01:00] app.INFO: Usuário realizou alguma ação {"usuario":"victorrezende","ação":"Ação específica"} []
[2024-01-31T14:35:28.790194+01:00] app.INFO: Usuário acessou a página {"usuario":"victorrezende","página":"/estoque/view/index_admin.php?pagina=listarItens"} []
[2024-01-31T14:35:28.792102+01:00] app.INFO: Usuário realizou alguma ação {"usuario":"victorrezende","ação":"Ação específica"} []
[2024-01-31T14:35:29.330173+01:00] app.INFO: Usuário acessou a página {"usuario":"victorrezende","página":"/estoque/view/index_admin.php?pagina=listar_saida"} []
[2024-01-31T14:35:29.331581+01:00] app.INFO: Usuário realizou alguma ação {"usuario":"victorrezende","ação":"Ação específica"} []
[2024-01-31T14:35:29.827827+01:00] app.INFO: Usuário acessou a página {"usuario":"victorrezende","página":"/estoque/view/index_admin.php?pagina=criar_usuario"} []
[2024-01-31T14:35:29.829359+01:00] app.INFO: Usuário realizou alguma ação {"usuario":"victorrezende","ação":"Ação específica"} []
[2024-01-31T14:35:55.674786+01:00] app.INFO: Usuário acessou a página {"usuario":"victorrezende","página":"/estoque/view/index_admin.php?pagina=criar_usuario"} []
[2024-01-31T14:35:55.676585+01:00] app.INFO: Usuário realizou alguma ação {"usuario":"victorrezende","ação":"Ação específica"} []
[2024-01-31T14:35:56.073056+01:00] app.INFO: Usuário acessou a página {"usuario":"victorrezende","página":"/estoque/view/index_admin.php?pagina=listarItens"} []
[2024-01-31T14:35:56.074540+01:00] app.INFO: Usuário realizou alguma ação {"usuario":"victorrezende","ação":"Ação específica"} []
[2024-01-31T14:35:56.472230+01:00] app.INFO: Usuário acessou a página {"usuario":"victorrezende","página":"/estoque/view/index_admin.php?pagina=listar_saida"} []
[2024-01-31T14:35:56.473703+01:00] app.INFO: Usuário realizou alguma ação {"usuario":"victorrezende","ação":"Ação específica"} []
[2024-01-31T14:35:57.089851+01:00] app.INFO: Usuário acessou a página {"usuario":"victorrezende","página":"/estoque/view/index_admin.php?pagina=listar_entrada"} []
[2024-01-31T14:35:57.091392+01:00] app.INFO: Usuário realizou alguma ação {"usuario":"victorrezende","ação":"Ação específica"} []
[2024-01-31T14:35:57.837402+01:00] app.INFO: Usuário acessou a página {"usuario":"victorrezende","página":"/estoque/view/index_admin.php?pagina=saida"} []
[2024-01-31T14:35:57.838802+01:00] app.INFO: Usuário realizou alguma ação {"usuario":"victorrezende","ação":"Ação específica"} []
[2024-01-31T14:35:58.214256+01:00] app.INFO: Usuário acessou a página {"usuario":"victorrezende","página":"/estoque/view/index_admin.php?pagina=entrada"} []
[2024-01-31T14:35:58.215652+01:00] app.INFO: Usuário realizou alguma ação {"usuario":"victorrezende","ação":"Ação específica"} []
[2024-01-31T14:38:16.622389+01:00] app.INFO: Usuário acessou a página {"usuario":"victorrezende","página":"/estoque/view/index_admin.php?pagina=listar_entrada"} []
[2024-01-31T14:38:16.624271+01:00] app.INFO: Usuário realizou alguma ação {"usuario":"victorrezende","ação":"Ação específica"} []
[2024-01-31T14:38:17.152146+01:00] app.INFO: Usuário acessou a página {"usuario":"victorrezende","página":"/estoque/view/index_admin.php?pagina=listar_saida"} []
[2024-01-31T14:38:17.153776+01:00] app.INFO: Usuário realizou alguma ação {"usuario":"victorrezende","ação":"Ação específica"} []
[2024-01-31T14:38:17.930572+01:00] app.INFO: Usuário acessou a página {"usuario":"victorrezende","página":"/estoque/view/index_admin.php?pagina=listarItens"} []
[2024-01-31T14:38:17.932136+01:00] app.INFO: Usuário realizou alguma ação {"usuario":"victorrezende","ação":"Ação específica"} []
[2024-01-31T15:07:13.505615+01:00] app.INFO: Usuário acessou a página {"usuario":"victorrezende","página":"/estoque/view/index_admin.php"} []
[2024-01-31T15:07:13.508125+01:00] app.INFO: Usuário realizou alguma ação {"usuario":"victorrezende","ação":"Ação específica"} []
